app/proguard-rules.pro
# Add project specific ProGuard rules here.
# By default, the flags in this file are appended to flags specified
# in C:\Users\zhangyue\AppData\Local\Android\sdk/tools/proguard/proguard-android.txt
# You can edit the include path and order by changing the proguardFiles
# directive in build.gradle.
#
# For more details, see
#   http://developer.android.com/guide/developing/tools/proguard.html

# Add any project specific keep options here:

# If your project uses WebView with JS, uncomment the following
# and specify the fully qualified class name to the JavaScript interface
# class:
#-keepclassmembers class fqcn.of.javascript.interface.for.webview {
#   public *;
#}
-optimizationpasses 5          # 指定代码的压缩级别
-dontusemixedcaseclassnames   # 是否使用大小写混合
-dontpreverify           # 混淆时是否做预校验
-verbose                # 混淆时是否记录日志

-optimizations !code/simplification/arithmetic,!field/*,!class/merging/*  # 混淆时所采用的算法

-keep public class * extends android.app.Activity      # 保持哪些类不被混淆
-keep public class * extends android.app.Application   # 保持哪些类不被混淆
-keep public class * extends android.app.Service       # 保持哪些类不被混淆
-keep public class * extends android.content.BroadcastReceiver  # 保持哪些类不被混淆
-keep public class * extends android.content.ContentProvider    # 保持哪些类不被混淆
-keep public class * extends android.app.backup.BackupAgentHelper # 保持哪些类不被混淆
-keep public class * extends android.preference.Preference        # 保持哪些类不被混淆
-keep public class com.android.vending.licensing.ILicensingService    # 保持哪些类不被混淆
-keep public class com.example.androidstudiopro.utils.SPUtils
   #忽略警告
    -ignorewarning

    ##记录生成的日志数据,gradle build时在本项目根目录输出##

    #apk 包内所有 class 的内部结构
    -dump class_files.txt
    #未混淆的类和成员
    -printseeds seeds.txt
    #列出从 apk 中删除的代码
    -printusage unused.txt
    #混淆前后的映射
    -printmapping mapping.txt
#If you are using Proguard in your project add the following line 4 to your configuration:   Retrofit
-dontwarn retrofit2.**
-keep class retrofit2.** { *; }
-keepattributes Signature
-keepattributes Exceptions