app/seeds.txt
com.example.androidstudiopro.R$anim: int abc_fade_in
com.example.androidstudiopro.R$anim: int abc_fade_out
com.example.androidstudiopro.R$anim: int abc_grow_fade_in_from_bottom
com.example.androidstudiopro.R$anim: int abc_popup_enter
com.example.androidstudiopro.R$anim: int abc_popup_exit
com.example.androidstudiopro.R$anim: int abc_shrink_fade_out_from_bottom
com.example.androidstudiopro.R$anim: int abc_slide_in_bottom
com.example.androidstudiopro.R$anim: int abc_slide_in_top
com.example.androidstudiopro.R$anim: int abc_slide_out_bottom
com.example.androidstudiopro.R$anim: int abc_slide_out_top
com.example.androidstudiopro.R$attr: int actionBarDivider
com.example.androidstudiopro.R$attr: int actionBarItemBackground
com.example.androidstudiopro.R$attr: int actionBarPopupTheme
com.example.androidstudiopro.R$attr: int actionBarSize
com.example.androidstudiopro.R$attr: int actionBarSplitStyle
com.example.androidstudiopro.R$attr: int actionBarStyle
com.example.androidstudiopro.R$attr: int actionBarTabBarStyle
com.example.androidstudiopro.R$attr: int actionBarTabStyle
com.example.androidstudiopro.R$attr: int actionBarTabTextStyle
com.example.androidstudiopro.R$attr: int actionBarTheme
com.example.androidstudiopro.R$attr: int actionBarWidgetTheme
com.example.androidstudiopro.R$attr: int actionButtonStyle
com.example.androidstudiopro.R$attr: int actionDropDownStyle
com.example.androidstudiopro.R$attr: int actionLayout
com.example.androidstudiopro.R$attr: int actionMenuTextAppearance
com.example.androidstudiopro.R$attr: int actionMenuTextColor
com.example.androidstudiopro.R$attr: int actionModeBackground
com.example.androidstudiopro.R$attr: int actionModeCloseButtonStyle
com.example.androidstudiopro.R$attr: int actionModeCloseDrawable
com.example.androidstudiopro.R$attr: int actionModeCopyDrawable
com.example.androidstudiopro.R$attr: int actionModeCutDrawable
com.example.androidstudiopro.R$attr: int actionModeFindDrawable
com.example.androidstudiopro.R$attr: int actionModePasteDrawable
com.example.androidstudiopro.R$attr: int actionModePopupWindowStyle
com.example.androidstudiopro.R$bool: int abc_action_bar_embed_tabs
com.example.androidstudiopro.R$bool: int abc_action_bar_embed_tabs_pre_jb
com.example.androidstudiopro.R$bool: int abc_action_bar_expanded_action_views_exclusive
com.example.androidstudiopro.R$bool: int abc_allow_stacked_button_bar
com.example.androidstudiopro.R$bool: int abc_config_actionMenuItemAllCaps
com.example.androidstudiopro.R$bool: int abc_config_allowActionMenuItemTextWithIcon
com.example.androidstudiopro.R$bool: int abc_config_closeDialogWhenTouchOutside
com.example.androidstudiopro.R$bool: int abc_config_showMenuShortcutsWhenKeyboardPresent
...
android.support.v7.widget.ActivityChooserView$InnerLayout
android.support.v7.widget.ActivityChooserView$InnerLayout: ActivityChooserView$InnerLayout(android.content.Context,android.util.AttributeSet)
android.support.v7.widget.AppCompatAutoCompleteTextView: AppCompatAutoCompleteTextView(android.content.Context)
android.support.v7.widget.AppCompatAutoCompleteTextView: AppCompatAutoCompleteTextView(android.content.Context,android.util.AttributeSet)
android.support.v7.widget.AppCompatAutoCompleteTextView: AppCompatAutoCompleteTextView(android.content.Context,android.util.AttributeSet,int)
android.support.v7.widget.AppCompatAutoCompleteTextView: void setDropDownBackgroundResource(int)
android.support.v7.widget.AppCompatAutoCompleteTextView: void setBackgroundResource(int)
android.support.v7.widget.AppCompatAutoCompleteTextView: void setBackgroundDrawable(android.graphics.drawable.Drawable)
android.support.v7.widget.AppCompatAutoCompleteTextView: void setSupportBackgroundTintList(android.content.res.ColorStateList)
android.support.v7.widget.AppCompatAutoCompleteTextView: android.content.res.ColorStateList getSupportBackgroundTintList()
android.support.v7.widget.AppCompatAutoCompleteTextView: void setSupportBackgroundTintMode(android.graphics.PorterDuff$Mode)
android.support.v7.widget.AppCompatAutoCompleteTextView: android.graphics.PorterDuff$Mode getSupportBackgroundTintMode()
android.support.v7.widget.AppCompatButton: void setBackgroundResource(int)
android.support.v7.widget.AppCompatButton: void setBackgroundDrawable(android.graphics.drawable.Drawable)
android.support.v7.widget.AppCompatButton: void setSupportBackgroundTintList(android.content.res.ColorStateList)
android.support.v7.widget.AppCompatButton: android.content.res.ColorStateList getSupportBackgroundTintList()
android.support.v7.widget.AppCompatButton: void setSupportBackgroundTintMode(android.graphics.PorterDuff$Mode)
android.support.v7.widget.AppCompatButton: android.graphics.PorterDuff$Mode getSupportBackgroundTintMode()
android.support.v7.widget.AppCompatButton: void setSupportAllCaps(boolean)
android.support.v7.widget.AppCompatCheckBox: void setButtonDrawable(android.graphics.drawable.Drawable)
android.support.v7.widget.AppCompatCheckBox: void setButtonDrawable(int)
android.support.v7.widget.AppCompatCheckBox: int getCompoundPaddingLeft()
android.support.v7.widget.AppCompatCheckBox: void setSupportButtonTintList(android.content.res.ColorStateList)
android.support.v7.widget.AppCompatCheckBox: android.content.res.ColorStateList getSupportButtonTintList()
android.support.v7.widget.AppCompatCheckBox: void setSupportButtonTintMode(android.graphics.PorterDuff$Mode)
android.support.v7.widget.AppCompatCheckBox: android.graphics.PorterDuff$Mode getSupportButtonTintMode()
android.support.v7.widget.AppCompatCheckedTextView: void setCheckMarkDrawable(int)
android.support.v7.widget.AppCompatEditText: void setBackgroundResource(int)
android.support.v7.widget.AppCompatEditText: void setBackgroundDrawable(android.graphics.drawable.Drawable)
android.support.v7.widget.AppCompatEditText: void setSupportBackgroundTintList(android.content.res.ColorStateList)
android.support.v7.widget.AppCompatEditText: android.content.res.ColorStateList getSupportBackgroundTintList()
android.support.v7.widget.AppCompatEditText: void setSupportBackgroundTintMode(android.graphics.PorterDuff$Mode)
android.support.v7.widget.AppCompatEditText: android.graphics.PorterDuff$Mode getSupportBackgroundTintMode()