app/mapping.txt
com.example.androidstudiopro.adapter.MainListAdapter -> com.example.androidstudiopro.a.a:
    java.util.List list -> a
    java.util.List listInfo -> b
    android.content.Context mContext -> c
    android.view.LayoutInflater mInflater -> d
    int type -> e
    com.nostra13.universalimageloader.core.ImageLoader mImageLoader -> f
    com.nostra13.universalimageloader.core.DisplayImageOptions options -> g
    void refreshJokerInfo(java.util.List,boolean) -> a
    void refreshWechatInfo(java.util.List,boolean) -> b
    int getCount() -> getCount
    java.lang.Object getItem(int) -> getItem
    long getItemId(int) -> getItemId
    android.view.View getView(int,android.view.View,android.view.ViewGroup) -> getView
    java.util.List access$500(com.example.androidstudiopro.adapter.MainListAdapter) -> a
    android.content.Context access$600(com.example.androidstudiopro.adapter.MainListAdapter) -> b
com.example.androidstudiopro.adapter.MainListAdapter$1 -> com.example.androidstudiopro.a.b:
    int val$position -> a
    com.example.androidstudiopro.adapter.MainListAdapter this$0 -> b
    void onClick(android.view.View) -> onClick
com.example.androidstudiopro.adapter.MainListAdapter$ViewHolder -> com.example.androidstudiopro.a.c:
    android.widget.LinearLayout mLinearLayout -> b
    android.widget.TextView mTitle -> c
    android.widget.TextView mTime -> d
    android.widget.ImageView imageView -> e
    com.example.androidstudiopro.adapter.MainListAdapter this$0 -> a
    android.widget.TextView access$102(com.example.androidstudiopro.adapter.MainListAdapter$ViewHolder,android.widget.TextView) -> a
    android.widget.TextView access$202(com.example.androidstudiopro.adapter.MainListAdapter$ViewHolder,android.widget.TextView) -> b
    android.widget.LinearLayout access$302(com.example.androidstudiopro.adapter.MainListAdapter$ViewHolder,android.widget.LinearLayout) -> a
    android.widget.ImageView access$402(com.example.androidstudiopro.adapter.MainListAdapter$ViewHolder,android.widget.ImageView) -> a
    android.widget.LinearLayout access$300(com.example.androidstudiopro.adapter.MainListAdapter$ViewHolder) -> a
    android.widget.TextView access$100(com.example.androidstudiopro.adapter.MainListAdapter$ViewHolder) -> b
    android.widget.TextView access$200(com.example.androidstudiopro.adapter.MainListAdapter$ViewHolder) -> c
    android.widget.ImageView access$400(com.example.androidstudiopro.adapter.MainListAdapter$ViewHolder) -> d
com.example.androidstudiopro.base.AndroidStudioProApplication -> com.example.androidstudiopro.base.AndroidStudioProApplication:
    com.example.androidstudiopro.base.AndroidStudioProApplication app -> a
    com.android.volley.RequestQueue queues -> b
    void onCreate() -> onCreate
    void initImageLoader(android.content.Context) -> a
    com.android.volley.RequestQueue getHttpQueues() -> a
com.example.androidstudiopro.base.BaseActivity -> com.example.androidstudiopro.base.BaseActivity:
    void onCreate(android.os.Bundle) -> onCreate
    void initView() -> a
    void initData() -> b
com.example.androidstudiopro.base.BaseFragment -> com.example.androidstudiopro.base.a:
    void onCreate(android.os.Bundle) -> onCreate
...
android.support.v7.view.WindowCallbackWrapper -> android.support.v7.view.n:
    android.view.Window$Callback mWrapped -> d
    boolean dispatchKeyEvent(android.view.KeyEvent) -> dispatchKeyEvent
    boolean dispatchKeyShortcutEvent(android.view.KeyEvent) -> dispatchKeyShortcutEvent
    boolean dispatchTouchEvent(android.view.MotionEvent) -> dispatchTouchEvent
    boolean dispatchTrackballEvent(android.view.MotionEvent) -> dispatchTrackballEvent
    boolean dispatchGenericMotionEvent(android.view.MotionEvent) -> dispatchGenericMotionEvent
    boolean dispatchPopulateAccessibilityEvent(android.view.accessibility.AccessibilityEvent) -> dispatchPopulateAccessibilityEvent
    android.view.View onCreatePanelView(int) -> onCreatePanelView
    boolean onCreatePanelMenu(int,android.view.Menu) -> onCreatePanelMenu
    boolean onPreparePanel(int,android.view.View,android.view.Menu) -> onPreparePanel
    boolean onMenuOpened(int,android.view.Menu) -> onMenuOpened
    boolean onMenuItemSelected(int,android.view.MenuItem) -> onMenuItemSelected
    void onWindowAttributesChanged(android.view.WindowManager$LayoutParams) -> onWindowAttributesChanged
    void onContentChanged() -> onContentChanged
    void onWindowFocusChanged(boolean) -> onWindowFocusChanged
    void onAttachedToWindow() -> onAttachedToWindow
    void onDetachedFromWindow() -> onDetachedFromWindow
    void onPanelClosed(int,android.view.Menu) -> onPanelClosed
android.support.v7.view.menu.ActionMenuItem -> android.support.v7.view.menu.a:
    int mId -> a
    int mGroup -> b
    int mCategoryOrder -> c
    int mOrdering -> d
    java.lang.CharSequence mTitle -> e
    java.lang.CharSequence mTitleCondensed -> f
    android.content.Intent mIntent -> g
    char mShortcutNumericChar -> h
    char mShortcutAlphabeticChar -> i
    android.graphics.drawable.Drawable mIconDrawable -> j
    int mIconResId -> k
    android.content.Context mContext -> l
    android.view.MenuItem$OnMenuItemClickListener mClickListener -> m
    int mFlags -> n
    char getAlphabeticShortcut() -> getAlphabeticShortcut
    int getGroupId() -> getGroupId
    android.graphics.drawable.Drawable getIcon() -> getIcon
    android.content.Intent getIntent() -> getIntent
    int getItemId() -> getItemId
    android.view.ContextMenu$ContextMenuInfo getMenuInfo() -> getMenuInfo
    char getNumericShortcut() -> getNumericShortcut
    int getOrder() -> getOrder
    android.view.SubMenu getSubMenu() -> getSubMenu
    java.lang.CharSequence getTitle() -> getTitle
    java.lang.CharSequence getTitleCondensed() -> getTitleCondensed
    boolean hasSubMenu() -> hasSubMenu
    boolean isCheckable() -> isCheckable
    boolean isChecked() -> isChecked
    boolean isEnabled() -> isEnabled
    boolean isVisible() -> isVisible
    android.view.MenuItem setAlphabeticShortcut(char) -> setAlphabeticShortcut
    android.view.MenuItem setCheckable(boolean) -> setCheckable