app/unused.txt
com.example.androidstudiopro.BuildConfig
com.example.androidstudiopro.R
com.example.androidstudiopro.R$anim
com.example.androidstudiopro.R$attr
com.example.androidstudiopro.R$bool
com.example.androidstudiopro.R$color
com.example.androidstudiopro.R$dimen
com.example.androidstudiopro.R$drawable
com.example.androidstudiopro.R$id
com.example.androidstudiopro.R$integer
com.example.androidstudiopro.R$layout
com.example.androidstudiopro.R$mipmap
com.example.androidstudiopro.R$string
com.example.androidstudiopro.R$style
com.example.androidstudiopro.R$styleable
com.example.androidstudiopro.base.AndroidStudioProApplication:
    63:63:public static com.example.androidstudiopro.base.AndroidStudioProApplication getInstance()
com.example.androidstudiopro.fragment.PicFragment$ViewHolder:
    final synthetic com.example.androidstudiopro.fragment.PicFragment this$0
    152:152:private PicFragment$ViewHolder(com.example.androidstudiopro.fragment.PicFragment)
com.example.androidstudiopro.intereface.VolleyRequest:
    public static android.content.Context mContext
    12:12:public VolleyRequest()
    28:37:public static void RequestPost(android.content.Context,java.lang.String,java.lang.String,java.util.Map,com.example.androidstudiopro.intereface.VolleyInterface)
com.example.androidstudiopro.intereface.VolleyRequest$1
com.example.androidstudiopro.list.ListViewDataAdapter:
    13:24:public ListViewDataAdapter(com.example.androidstudiopro.list.ViewHolderCreator)
com.example.androidstudiopro.list.ListViewDataAdapterBase:
    private static final java.lang.String LOG_TAG
    20:28:public ListViewDataAdapterBase(java.lang.Object,java.lang.Class)
    20:35:public ListViewDataAdapterBase(com.example.androidstudiopro.list.ViewHolderCreator)
    38:39:public void setViewHolderCreator(com.example.androidstudiopro.list.ViewHolderCreator)
    59:60:public void forceCreateView(boolean)
com.example.androidstudiopro.list.ViewHolderBase:
    50:50:public boolean stillHoldLastItemData()
com.example.androidstudiopro.model.GitHubService
com.example.androidstudiopro.model.Jokers:
    private java.lang.String hashId
    private java.lang.String unixtime
    18:18:public java.lang.String getUrl()
    34:34:public java.lang.String getHashId()
    38:39:public void setHashId(java.lang.String)
    42:42:public java.lang.String getUnixtime()
    46:47:public void setUnixtime(java.lang.String)
com.example.androidstudiopro.model.ParamName
com.example.androidstudiopro.model.WechatInfo:
    private java.lang.String mark
    15:15:public java.lang.String getId()
    47:47:public java.lang.String getMark()
    51:52:public void setMark(java.lang.String)
com.example.androidstudiopro.utils.ActivityManager:
    43:44:public android.app.Activity getTopActivity()
    51:53:public void killTopActivity()
    59:64:public void killActivity(android.app.Activity)
    70:75:public void killActivity(java.lang.Class)
    81:87:public void killAllActivity()
    95:103:public void AppExit(android.content.Context)
com.example.androidstudiopro.utils.AppUtils
com.example.androidstudiopro.utils.DensityUtil
com.example.androidstudiopro.utils.KeyBoardUtils
com.example.androidstudiopro.utils.KeyBoardUtils$1
com.example.androidstudiopro.utils.LogUtils
com.example.androidstudiopro.utils.MD5Utils
com.example.androidstudiopro.utils.SDCardUtils
com.example.androidstudiopro.utils.SPUtils:
    public static final java.lang.String FILE_NAME
    30:55:public static void put(android.content.Context,java.lang.String,java.lang.Object)
    67:87:public static java.lang.Object get(android.content.Context,java.lang.String,java.lang.Object)
    97:102:public static void remove(android.content.Context,java.lang.String)
    110:115:public static void clear(android.content.Context)
    125:127:public static boolean contains(android.content.Context,java.lang.String)
    138:140:public static java.util.Map getAll(android.content.Context)
com.example.androidstudiopro.utils.SPUtils$SharedPreferencesCompat
...
android.support.annotation.IntegerRes
android.support.annotation.InterpolatorRes
android.support.annotation.Keep
android.support.annotation.LayoutRes
android.support.annotation.MainThread
android.support.annotation.MenuRes
android.support.annotation.NonNull
android.support.annotation.Nullable
android.support.annotation.PluralsRes
android.support.annotation.RawRes
android.support.annotation.RequiresPermission
android.support.annotation.RequiresPermission$Read
android.support.annotation.RequiresPermission$Write
android.support.annotation.Size
android.support.annotation.StringDef
android.support.annotation.StringRes
android.support.annotation.StyleRes
android.support.annotation.StyleableRes
android.support.annotation.TransitionRes
android.support.annotation.UiThread
android.support.annotation.VisibleForTesting
android.support.annotation.WorkerThread
android.support.annotation.XmlRes
android.support.v4.BuildConfig
android.support.v4.accessibilityservice.AccessibilityServiceInfoCompat
android.support.v4.accessibilityservice.AccessibilityServiceInfoCompat$AccessibilityServiceInfoIcsImpl
android.support.v4.accessibilityservice.AccessibilityServiceInfoCompat$AccessibilityServiceInfoJellyBeanMr2
android.support.v4.accessibilityservice.AccessibilityServiceInfoCompat$AccessibilityServiceInfoStubImpl
android.support.v4.accessibilityservice.AccessibilityServiceInfoCompat$AccessibilityServiceInfoVersionImpl
android.support.v4.accessibilityservice.AccessibilityServiceInfoCompatIcs
android.support.v4.accessibilityservice.AccessibilityServiceInfoCompatJellyBeanMr2
android.support.v4.animation.AnimatorCompatHelper
android.support.v4.animation.AnimatorListenerCompat
android.support.v4.animation.AnimatorProvider
android.support.v4.animation.AnimatorUpdateListenerCompat
android.support.v4.animation.DonutAnimatorCompatProvider
android.support.v4.animation.DonutAnimatorCompatProvider$DonutFloatValueAnimator
android.support.v4.animation.DonutAnimatorCompatProvider$DonutFloatValueAnimator$1
android.support.v4.animation.HoneycombMr1AnimatorCompatProvider
android.support.v4.animation.HoneycombMr1AnimatorCompatProvider$AnimatorListenerCompatWrapper
android.support.v4.animation.HoneycombMr1AnimatorCompatProvider$HoneycombValueAnimatorCompat
android.support.v4.animation.HoneycombMr1AnimatorCompatProvider$HoneycombValueAnimatorCompat$1
android.support.v4.animation.ValueAnimatorCompat
android.support.v4.app.ActionBarDrawerToggle
android.support.v4.app.ActionBarDrawerToggle$1
android.support.v4.app.ActionBarDrawerToggle$ActionBarDrawerToggleImpl
android.support.v4.app.ActionBarDrawerToggle$ActionBarDrawerToggleImplBase
android.support.v4.app.ActionBarDrawerToggle$ActionBarDrawerToggleImplHC
android.support.v4.app.ActionBarDrawerToggle$ActionBarDrawerToggleImplJellybeanMR2
android.support.v4.app.ActionBarDrawerToggle$Delegate
android.support.v4.app.ActionBarDrawerToggle$DelegateProvider
android.support.v4.app.ActionBarDrawerToggle$SlideDrawable
android.support.v4.app.ActionBarDrawerToggleHoneycomb
android.support.v4.app.ActionBarDrawerToggleHoneycomb$SetIndicatorInfo
android.support.v4.app.ActionBarDrawerToggleJellybeanMR2